<?xml version="1.0" encoding="UTF-8"?>
<!-- Generated by org.testng.reporters.JUnitReportReporter -->
<testsuite hostname="QB-IPL-2331" failures="0" tests="2" name="com.tests.HomeTest" time="50.051" errors="0" timestamp="2022-04-01T11:31:55 IST" skipped="0">
  <testcase classname="com.tests.HomeTest" name="homePageLogoTest" time="27.005"/>
  <system-out/>
  <testcase classname="com.tests.HomeTest" name="homePageTitleTest" time="23.046"/>
  <system-out/>
</testsuite> <!-- com.tests.HomeTest -->
