<?xml version="1.0" encoding="UTF-8"?>
<!-- Generated by org.testng.reporters.JUnitReportReporter -->
<testsuite skipped="0" hostname="DESKTOP-88R09EB" name="com.tests.HomeTest" tests="2" failures="0" timestamp="2021-12-11T19:04:39 IST" time="57.113" errors="0">
  <testcase name="homePageLogoTest" time="28.656" classname="com.tests.HomeTest"/>
  <system-out/>
  <testcase name="homePageTitleTest" time="28.457" classname="com.tests.HomeTest"/>
  <system-out/>
</testsuite> <!-- com.tests.HomeTest -->
