<?xml version="1.0" encoding="UTF-8"?>
<!-- Generated by org.testng.reporters.JUnitReportReporter -->
<testsuite skipped="0" hostname="DESKTOP-88R09EB" name="com.tests.HomeTest" tests="2" failures="0" timestamp="2022-03-24T18:24:37 IST" time="72.696" errors="0">
  <testcase name="homePageLogoTest" time="36.601" classname="com.tests.HomeTest"/>
  <system-out/>
  <testcase name="homePageTitleTest" time="36.095" classname="com.tests.HomeTest"/>
  <system-out/>
</testsuite> <!-- com.tests.HomeTest -->
