<?xml version="1.0" encoding="UTF-8"?>
<!-- Generated by org.testng.reporters.JUnitReportReporter -->
<testsuite skipped="0" hostname="DESKTOP-88R09EB" name="com.tests.LoginTest" tests="2" failures="0" timestamp="2021-12-11T19:04:39 IST" time="51.037" errors="0">
  <testcase name="verifyLoginTest" time="28.546" classname="com.tests.LoginTest"/>
  <system-out/>
  <testcase name="verifyForgotPasswordButtonTest" time="22.491" classname="com.tests.LoginTest"/>
  <system-out/>
</testsuite> <!-- com.tests.LoginTest -->
