<?xml version="1.0" encoding="UTF-8"?>
<!-- Generated by org.testng.reporters.JUnitReportReporter -->
<testsuite skipped="0" hostname="DESKTOP-88R09EB" name="com.tests.LoginTest" tests="1" failures="0" timestamp="2021-12-18T21:32:25 IST" time="12.043" errors="0">
  <testcase name="verifyForgotPasswordButtonTest" time="12.043" classname="com.tests.LoginTest"/>
  <system-out/>
</testsuite> <!-- com.tests.LoginTest -->
