<?xml version="1.0" encoding="UTF-8"?>
<!-- Generated by org.testng.reporters.JUnitReportReporter -->
<testsuite skipped="0" hostname="Linu-PC" name="com.qa.testcases.AssignmentTest" tests="1" failures="0" timestamp="2019-12-19T15:52:14 IST" time="42.870" errors="0">
  <testcase name="clickToursTest" time="42.870" classname="com.qa.testcases.AssignmentTest"/>
</testsuite> <!-- com.qa.testcases.AssignmentTest -->
