<?xml version="1.0" encoding="UTF-8"?>
<!-- Generated by org.testng.reporters.JUnitReportReporter -->
<testsuite hostname="DESKTOP-88R09EB" failures="0" tests="3" name="com.qa.testcases.AdminTest" time="116.830" errors="0" timestamp="21 Dec 2019 05:49:11 GMT" skipped="0">
  <testcase classname="com.qa.testcases.AdminTest" name="verifyAdminDashboardTest" time="42.627"/>
  <testcase classname="com.qa.testcases.AdminTest" name="verifyTodayBookingTest" time="25.488"/>
  <testcase classname="com.qa.testcases.AdminTest" name="verifyThirtyDayBookingTest" time="48.715"/>
</testsuite> <!-- com.qa.testcases.AdminTest -->
