<?xml version="1.0" encoding="UTF-8"?>
<!-- Generated by org.testng.reporters.JUnitReportReporter -->
<testsuite skipped="0" hostname="Linu-PC" name="com.qa.testcases.AdminTest" tests="2" failures="0" timestamp="20 Jan 2020 07:58:22 GMT" time="33.753" errors="0">
  <testcase name="verifyAdminDashboardTest" time="15.555" classname="com.qa.testcases.AdminTest"/>
  <testcase name="verifyTodayBookingTest" time="18.198" classname="com.qa.testcases.AdminTest"/>
</testsuite> <!-- com.qa.testcases.AdminTest -->
