<?xml version="1.0" encoding="UTF-8"?>
<!-- Generated by org.testng.reporters.JUnitReportReporter -->
<testsuite skipped="0" hostname="Linu-PC" name="com.qa.testcases.AssignmentTest" tests="2" failures="0" timestamp="2019-12-19T17:40:30 IST" time="51.971" errors="0">
  <testcase name="verifyImageTest" time="25.092" classname="com.qa.testcases.AssignmentTest"/>
  <testcase name="verifyFbShareTest" time="26.879" classname="com.qa.testcases.AssignmentTest"/>
</testsuite> <!-- com.qa.testcases.AssignmentTest -->
