<?xml version="1.0" encoding="UTF-8"?>
<!-- Generated by org.testng.reporters.JUnitReportReporter -->
<testsuite hostname="DESKTOP-88R09EB" failures="0" tests="1" name="com.qa.testcases.AdminAssignmentTest" time="23.899" errors="0" timestamp="20 Dec 2019 17:44:45 GMT" skipped="0">
  <testcase classname="com.qa.testcases.AdminAssignmentTest" name="verifyThirtyDayBookingTest" time="23.899"/>
</testsuite> <!-- com.qa.testcases.AdminAssignmentTest -->
