<?xml version="1.0" encoding="UTF-8"?>
<!-- Generated by org.testng.reporters.JUnitReportReporter -->
<testsuite skipped="0" hostname="DESKTOP-88R09EB" name="com.tests.LoginTest" tests="3" failures="0" timestamp="05 Dec 2020 16:13:46 GMT" time="41.322" errors="0">
  <testcase name="verifyForgotPasswordButtonTest" time="13.152" classname="com.tests.LoginTest"/>
  <testcase name="verifyLoginTest" time="14.354" classname="com.tests.LoginTest"/>
  <testcase name="verifyLoginTest" time="13.816" classname="com.tests.LoginTest"/>
</testsuite> <!-- com.tests.LoginTest -->
