<?xml version="1.0" encoding="UTF-8"?>
<!-- Generated by org.testng.reporters.JUnitReportReporter -->
<testsuite hostname="QB-IPL-2331" failures="0" tests="1" name="com.tests.LoginTest" time="16.042" errors="0" timestamp="2022-04-05T09:10:53 IST" skipped="0">
  <testcase classname="com.tests.LoginTest" name="verifyLoginTest" time="16.042"/>
  <system-out/>
</testsuite> <!-- com.tests.LoginTest -->
