<?xml version="1.0" encoding="UTF-8"?>
<!-- Generated by org.testng.reporters.JUnitReportReporter -->
<testsuite hostname="QB-IPL-2331" failures="0" tests="2" name="com.tests.HomeTest" time="38.160" errors="0" timestamp="2022-04-04T13:50:25 IST" skipped="0">
  <testcase classname="com.tests.HomeTest" name="homePageDashboardMenuTest" time="21.222"/>
  <system-out/>
  <testcase classname="com.tests.HomeTest" name="homePageLogoTest" time="16.938"/>
  <system-out/>
</testsuite> <!-- com.tests.HomeTest -->
