<?xml version="1.0" encoding="UTF-8"?>
<!-- Generated by org.testng.reporters.JUnitReportReporter -->
<testsuite hostname="QB-IPL-2331" failures="0" tests="3" name="com.tests.LoginTest" time="46.263" errors="1" timestamp="31 Mar 2022 10:24:30 GMT" skipped="0">
  <testcase classname="com.tests.LoginTest" name="verifyForgotPasswordButtonTest" time="26.010"/>
  <testcase classname="com.tests.LoginTest" name="sendEmailWithExtentReport" time="17.456">
    <error message="Cannot run program &quot;TASKKILL&quot;: error=2, No such file or directory" type="java.io.IOException">
      <![CDATA[java.io.IOException: Cannot run program "TASKKILL": error=2, No such file or directory
at java.base/java.lang.ProcessBuilder.start(ProcessBuilder.java:1128)
at java.base/java.lang.ProcessBuilder.start(ProcessBuilder.java:1071)
at java.base/java.lang.Runtime.exec(Runtime.java:592)
at java.base/java.lang.Runtime.exec(Runtime.java:416)
at java.base/java.lang.Runtime.exec(Runtime.java:313)
at com.tests.BaseTest.sendEmailWithExtentReport(BaseTest.java:49)
at java.base/jdk.internal.reflect.NativeMethodAccessorImpl.invoke0(Native Method)
at java.base/jdk.internal.reflect.NativeMethodAccessorImpl.invoke(NativeMethodAccessorImpl.java:62)
at java.base/jdk.internal.reflect.DelegatingMethodAccessorImpl.invoke(DelegatingMethodAccessorImpl.java:43)
at java.base/java.lang.reflect.Method.invoke(Method.java:566)
at org.testng.internal.MethodInvocationHelper.invokeMethod(MethodInvocationHelper.java:124)
at org.testng.internal.MethodInvocationHelper.invokeMethodConsideringTimeout(MethodInvocationHelper.java:59)
at org.testng.internal.Invoker.invokeConfigurationMethod(Invoker.java:458)
at org.testng.internal.Invoker.invokeConfigurations(Invoker.java:222)
at org.testng.internal.Invoker.invokeConfigurations(Invoker.java:142)
at org.testng.SuiteRunner.privateRun(SuiteRunner.java:425)
at org.testng.SuiteRunner.run(SuiteRunner.java:364)
at org.testng.SuiteRunnerWorker.runSuite(SuiteRunnerWorker.java:52)
at org.testng.SuiteRunnerWorker.run(SuiteRunnerWorker.java:84)
at org.testng.TestNG.runSuitesSequentially(TestNG.java:1208)
at org.testng.TestNG.runSuitesLocally(TestNG.java:1137)
at org.testng.TestNG.runSuites(TestNG.java:1049)
at org.testng.TestNG.run(TestNG.java:1017)
at org.testng.remote.AbstractRemoteTestNG.run(AbstractRemoteTestNG.java:115)
at org.testng.remote.RemoteTestNG.initAndRun(RemoteTestNG.java:251)
at org.testng.remote.RemoteTestNG.main(RemoteTestNG.java:77)
Caused by: java.io.IOException: error=2, No such file or directory
at java.base/java.lang.ProcessImpl.forkAndExec(Native Method)
at java.base/java.lang.ProcessImpl.<init>(ProcessImpl.java:340)
at java.base/java.lang.ProcessImpl.start(ProcessImpl.java:271)
at java.base/java.lang.ProcessBuilder.start(ProcessBuilder.java:1107)
... 25 more
]]>
    </error>
  </testcase> <!-- sendEmailWithExtentReport -->
  <testcase classname="com.tests.LoginTest" name="verifyLoginTest" time="2.797"/>
</testsuite> <!-- com.tests.LoginTest -->
