<?xml version="1.0" encoding="UTF-8"?>
<!-- Generated by org.testng.reporters.JUnitReportReporter -->
<testsuite skipped="0" hostname="DESKTOP-88R09EB" name="com.tests.HomeTest" tests="2" failures="0" timestamp="05 Dec 2020 16:13:46 GMT" time="39.772" errors="0">
  <testcase name="homePageTitleTest" time="18.237" classname="com.tests.HomeTest"/>
  <testcase name="homePageLogoTest" time="21.535" classname="com.tests.HomeTest"/>
</testsuite> <!-- com.tests.HomeTest -->
