<?xml version="1.0" encoding="UTF-8"?>
<!-- Generated by org.testng.reporters.JUnitReportReporter -->
<testsuite skipped="0" hostname="DESKTOP-88R09EB" name="com.tests.LoginTest" tests="2" failures="0" timestamp="2022-03-24T18:24:37 IST" time="61.108" errors="0">
  <testcase name="verifyForgotPasswordButtonTest" time="29.703" classname="com.tests.LoginTest"/>
  <system-out/>
  <testcase name="verifyLoginTest" time="31.405" classname="com.tests.LoginTest"/>
  <system-out/>
</testsuite> <!-- com.tests.LoginTest -->
