<?xml version="1.0" encoding="UTF-8"?>
<!-- Generated by org.testng.reporters.JUnitReportReporter -->
<testsuite hostname="QB-IPL-2331" failures="0" tests="2" name="com.tests.HomeTest" time="24.465" errors="0" timestamp="2022-07-07T19:40:06 IST" skipped="0">
  <testcase classname="com.tests.HomeTest" name="homePageDashboardMenuTest" time="11.941"/>
  <system-out/>
  <testcase classname="com.tests.HomeTest" name="homePageLogoTest" time="12.524"/>
  <system-out/>
</testsuite> <!-- com.tests.HomeTest -->
