<?xml version="1.0" encoding="UTF-8"?>
<!-- Generated by org.testng.reporters.JUnitReportReporter -->
<testsuite hostname="QB-IPL-2331" failures="0" tests="2" name="com.tests.HomeTest" time="49.223" errors="0" timestamp="2022-04-02T13:19:22 IST" skipped="0">
  <testcase classname="com.tests.HomeTest" name="homePageLogoTest" time="26.587"/>
  <system-out/>
  <testcase classname="com.tests.HomeTest" name="homePageDashboardMenuTest" time="22.636"/>
  <system-out/>
</testsuite> <!-- com.tests.HomeTest -->
