<?xml version="1.0" encoding="UTF-8"?>
<!-- Generated by org.testng.reporters.JUnitReportReporter -->
<testsuite hostname="QB-IPL-2331" failures="0" tests="2" name="com.tests.LoginTest" time="47.073" errors="0" timestamp="2022-09-30T13:39:04 IST" skipped="0">
  <testcase classname="com.tests.LoginTest" name="verifyForgotPasswordButtonTest" time="25.330"/>
  <system-out/>
  <testcase classname="com.tests.LoginTest" name="verifyLoginTest" time="21.743"/>
  <system-out/>
</testsuite> <!-- com.tests.LoginTest -->
