<?xml version="1.0" encoding="UTF-8"?>
<!-- Generated by org.testng.reporters.JUnitReportReporter -->
<testsuite hostname="QB-IPL-2331" failures="0" tests="2" name="com.tests.HomeTest" time="60.766" errors="0" timestamp="2022-09-30T13:44:38 IST" skipped="0">
  <testcase classname="com.tests.HomeTest" name="homePageLogoTest" time="37.216"/>
  <system-out/>
  <testcase classname="com.tests.HomeTest" name="homePageDashboardMenuTest" time="23.550"/>
  <system-out/>
</testsuite> <!-- com.tests.HomeTest -->
