<?xml version="1.0" encoding="UTF-8"?>
<!-- Generated by org.testng.reporters.JUnitReportReporter -->
<testsuite hostname="QB-IPL-2331" failures="0" tests="2" name="com.tests.LoginTest" time="32.931" errors="0" timestamp="2022-04-02T13:19:22 IST" skipped="0">
  <testcase classname="com.tests.LoginTest" name="verifyLoginTest" time="18.059"/>
  <system-out/>
  <testcase classname="com.tests.LoginTest" name="verifyForgotPasswordButtonTest" time="14.872"/>
  <system-out/>
</testsuite> <!-- com.tests.LoginTest -->
