<?xml version="1.0" encoding="UTF-8"?>
<!-- Generated by org.testng.reporters.JUnitReportReporter -->
<testsuite hostname="QB-IPL-2331" failures="0" tests="2" name="com.tests.LoginTest" time="17.520" errors="0" timestamp="2022-07-07T19:40:06 IST" skipped="0">
  <testcase classname="com.tests.LoginTest" name="verifyForgotPasswordButtonTest" time="7.925"/>
  <system-out/>
  <testcase classname="com.tests.LoginTest" name="verifyLoginTest" time="9.595"/>
  <system-out/>
</testsuite> <!-- com.tests.LoginTest -->
