<?xml version="1.0" encoding="UTF-8"?>
<!-- Generated by org.testng.reporters.JUnitReportReporter -->
<testsuite skipped="0" hostname="DESKTOP-88R09EB" name="com.tests.LoginTest" tests="2" failures="0" timestamp="2021-12-20T20:43:49 IST" time="48.861" errors="0">
  <testcase name="verifyForgotPasswordButtonTest" time="22.864" classname="com.tests.LoginTest"/>
  <system-out/>
  <testcase name="verifyLoginTest" time="25.997" classname="com.tests.LoginTest"/>
  <system-out/>
</testsuite> <!-- com.tests.LoginTest -->
