<?xml version="1.0" encoding="UTF-8"?>
<!-- Generated by org.testng.reporters.JUnitReportReporter -->
<testsuite hostname="QB-IPL-2331" failures="0" tests="2" name="com.tests.LoginTest" time="25.952" errors="0" timestamp="2022-04-04T17:26:18 IST" skipped="0">
  <testcase classname="com.tests.LoginTest" name="verifyLoginTest" time="14.027"/>
  <system-out/>
  <testcase classname="com.tests.LoginTest" name="verifyForgotPasswordButtonTest" time="11.925"/>
  <system-out/>
</testsuite> <!-- com.tests.LoginTest -->
