<?xml version="1.0" encoding="UTF-8"?>
<!-- Generated by org.testng.reporters.JUnitReportReporter -->
<testsuite skipped="0" hostname="DESKTOP-88R09EB" name="com.tests.HomeTest" tests="2" failures="0" timestamp="2021-12-18T19:38:54 IST" time="47.394" errors="0">
  <testcase name="homePageTitleTest" time="23.444" classname="com.tests.HomeTest"/>
  <system-out/>
  <testcase name="homePageLogoTest" time="23.950" classname="com.tests.HomeTest"/>
  <system-out/>
</testsuite> <!-- com.tests.HomeTest -->
