<?xml version="1.0" encoding="UTF-8"?>
<!-- Generated by org.testng.reporters.JUnitReportReporter -->
<testsuite skipped="0" hostname="DESKTOP-88R09EB" name="com.tests.LoginTest" tests="1" failures="0" timestamp="2022-01-04T22:36:55 IST" time="16.356" errors="0">
  <testcase name="verifyForgotPasswordButtonTest" time="16.356" classname="com.tests.LoginTest"/>
  <system-out/>
</testsuite> <!-- com.tests.LoginTest -->
