<?xml version="1.0" encoding="UTF-8"?>
<!-- Generated by org.testng.reporters.JUnitReportReporter -->
<testsuite hostname="QB-IPL-2331" failures="0" tests="2" name="com.tests.LoginTest" time="61.289" errors="0" timestamp="2022-03-31T18:45:53 IST" skipped="0">
  <testcase classname="com.tests.LoginTest" name="verifyForgotPasswordButtonTest" time="29.354"/>
  <system-out/>
  <testcase classname="com.tests.LoginTest" name="verifyLoginTest" time="31.935"/>
  <system-out/>
</testsuite> <!-- com.tests.LoginTest -->
