<?xml version="1.0" encoding="UTF-8"?>
<!-- Generated by org.testng.reporters.JUnitReportReporter -->
<testsuite skipped="0" hostname="DESKTOP-88R09EB" name="com.tests.HomeTest" tests="2" failures="0" timestamp="2021-12-21T09:56:57 IST" time="68.427" errors="0">
  <testcase name="homePageTitleTest" time="31.845" classname="com.tests.HomeTest"/>
  <system-out/>
  <testcase name="homePageLogoTest" time="36.582" classname="com.tests.HomeTest"/>
  <system-out/>
</testsuite> <!-- com.tests.HomeTest -->
