<?xml version="1.0" encoding="UTF-8"?>
<!-- Generated by org.testng.reporters.JUnitReportReporter -->
<testsuite hostname="QB-IPL-2331" failures="0" tests="2" name="com.tests.HomeTest" time="85.705" errors="0" timestamp="2022-03-31T18:45:53 IST" skipped="0">
  <testcase classname="com.tests.HomeTest" name="homePageLogoTest" time="44.157"/>
  <system-out/>
  <testcase classname="com.tests.HomeTest" name="homePageTitleTest" time="41.548"/>
  <system-out/>
</testsuite> <!-- com.tests.HomeTest -->
