<?xml version="1.0" encoding="UTF-8"?>
<!-- Generated by org.testng.reporters.JUnitReportReporter -->
<testsuite skipped="0" hostname="Linu-PC" name="assignmentTest" tests="1" failures="0" timestamp="18 Dec 2019 08:51:30 GMT" time="42.580" errors="0">
  <testcase name="testAssignment" time="42.580" classname="assignmentTest"/>
</testsuite> <!-- assignmentTest -->
