<?xml version="1.0" encoding="UTF-8"?>
<!-- Generated by org.testng.reporters.JUnitReportReporter -->
<testsuite skipped="0" hostname="Linu-PC" name="com.qa.testcases.AssignmentTest" tests="1" failures="0" timestamp="20 Dec 2019 05:35:40 GMT" time="36.504" errors="0">
  <testcase name="verifyBookingDetailsTest" time="36.504" classname="com.qa.testcases.AssignmentTest"/>
</testsuite> <!-- com.qa.testcases.AssignmentTest -->
