<?xml version="1.0" encoding="UTF-8"?>
<!-- Generated by org.testng.reporters.JUnitReportReporter -->
<testsuite hostname="QB-IPL-2331" failures="0" tests="2" name="com.tests.HomeTest" time="51.365" errors="0" timestamp="2022-04-04T17:26:18 IST" skipped="0">
  <testcase classname="com.tests.HomeTest" name="homePageDashboardMenuTest" time="21.996"/>
  <system-out/>
  <testcase classname="com.tests.HomeTest" name="homePageLogoTest" time="29.369"/>
  <system-out/>
</testsuite> <!-- com.tests.HomeTest -->
