<?xml version="1.0" encoding="UTF-8"?>
<!-- Generated by org.testng.reporters.JUnitReportReporter -->
<testsuite skipped="0" hostname="Linu-PC" name="com.qa.testcases.AdminAssignmentTest" tests="1" failures="0" timestamp="20 Dec 2019 04:17:28 GMT" time="39.933" errors="0">
  <testcase name="verifyThirtyDayBookingTest" time="39.933" classname="com.qa.testcases.AdminAssignmentTest"/>
</testsuite> <!-- com.qa.testcases.AdminAssignmentTest -->
