<?xml version="1.0" encoding="UTF-8"?>
<!-- Generated by org.testng.reporters.JUnitReportReporter -->
<testsuite skipped="0" hostname="Linu-PC" name="com.qa.testcases.AssignmentTest" tests="1" failures="0" timestamp="19 Dec 2019 13:10:04 GMT" time="24.222" errors="0">
  <testcase name="verifyTwitterShareTest" time="24.222" classname="com.qa.testcases.AssignmentTest"/>
</testsuite> <!-- com.qa.testcases.AssignmentTest -->
