<?xml version="1.0" encoding="UTF-8"?>
<!-- Generated by org.testng.reporters.JUnitReportReporter -->
<testsuite skipped="0" hostname="Linu-PC" name="com.qa.testcases.AdminTest" tests="1" failures="0" timestamp="20 Jan 2020 12:09:23 GMT" time="14.904" errors="0">
  <testcase name="verifyAdminDashboardTest" time="14.904" classname="com.qa.testcases.AdminTest"/>
</testsuite> <!-- com.qa.testcases.AdminTest -->
