<?xml version="1.0" encoding="UTF-8"?>
<!-- Generated by org.testng.reporters.JUnitReportReporter -->
<testsuite hostname="QB-IPL-2331" failures="0" tests="1" name="com.tests.HomeTest" time="15.211" errors="0" timestamp="2022-03-31T16:04:15 IST" skipped="0">
  <testcase classname="com.tests.HomeTest" name="homePageTitleTest" time="15.211"/>
  <system-out/>
</testsuite> <!-- com.tests.HomeTest -->
