<?xml version="1.0" encoding="UTF-8"?>
<!-- Generated by org.testng.reporters.JUnitReportReporter -->
<testsuite hostname="QB-IPL-2331" failures="0" tests="2" name="com.tests.LoginTest" time="34.911" errors="0" timestamp="2022-04-04T13:50:25 IST" skipped="0">
  <testcase classname="com.tests.LoginTest" name="verifyLoginTest" time="18.642"/>
  <system-out/>
  <testcase classname="com.tests.LoginTest" name="verifyForgotPasswordButtonTest" time="16.269"/>
  <system-out/>
</testsuite> <!-- com.tests.LoginTest -->
