<?xml version="1.0" encoding="UTF-8"?>
<!-- Generated by org.testng.reporters.JUnitReportReporter -->
<testsuite skipped="0" hostname="DESKTOP-88R09EB" name="com.tests.LoginTest" tests="2" failures="0" timestamp="2021-12-21T09:56:57 IST" time="58.871" errors="0">
  <testcase name="verifyForgotPasswordButtonTest" time="29.194" classname="com.tests.LoginTest"/>
  <system-out/>
  <testcase name="verifyLoginTest" time="29.677" classname="com.tests.LoginTest"/>
  <system-out/>
</testsuite> <!-- com.tests.LoginTest -->
