<?xml version="1.0" encoding="UTF-8"?>
<!-- Generated by org.testng.reporters.JUnitReportReporter -->
<testsuite hostname="DESKTOP-88R09EB" failures="0" tests="3" name="com.qa.testcases.AdminTest" time="98.003" errors="0" timestamp="21 Dec 2019 04:15:51 GMT" skipped="0">
  <testcase classname="com.qa.testcases.AdminTest" name="verifyAdminDashboardTest" time="34.512"/>
  <testcase classname="com.qa.testcases.AdminTest" name="verifyTodayBookingTest" time="21.360"/>
  <testcase classname="com.qa.testcases.AdminTest" name="verifyThirtyDayBookingTest" time="42.131"/>
</testsuite> <!-- com.qa.testcases.AdminTest -->
