<?xml version="1.0" encoding="UTF-8"?>
<!-- Generated by org.testng.reporters.JUnitReportReporter -->
<testsuite hostname="DESKTOP-88R09EB" failures="0" tests="3" name="com.qa.testcases.AdminTest" time="95.525" errors="0" timestamp="21 Dec 2019 10:05:29 GMT" skipped="0">
  <testcase classname="com.qa.testcases.AdminTest" name="verifyAdminDashboardTest" time="43.685"/>
  <testcase classname="com.qa.testcases.AdminTest" name="verifyTodayBookingTest" time="22.345"/>
  <testcase classname="com.qa.testcases.AdminTest" name="verifyThirtyDayBookingTest" time="29.495"/>
</testsuite> <!-- com.qa.testcases.AdminTest -->
