<?xml version="1.0" encoding="UTF-8"?>
<!-- Generated by org.testng.reporters.JUnitReportReporter -->
<testsuite skipped="0" hostname="DESKTOP-88R09EB" name="com.tests.HomeTest" tests="2" failures="0" timestamp="2021-12-20T20:43:49 IST" time="56.811" errors="0">
  <testcase name="homePageTitleTest" time="28.722" classname="com.tests.HomeTest"/>
  <system-out/>
  <testcase name="homePageLogoTest" time="28.089" classname="com.tests.HomeTest"/>
  <system-out/>
</testsuite> <!-- com.tests.HomeTest -->
